0 info it worked if it ends with ok
1 verbose cli [ '/usr/bin/node', '/usr/bin/npm', 'run', 'build-prod' ]
2 info using npm@1.4.28
3 info using node@v0.10.32
4 verbose node symlink /usr/bin/node
5 verbose run-script [ 'prebuild-prod', 'build-prod', 'postbuild-prod' ]
6 info prebuild-prod @
7 info build-prod @
8 verbose unsafe-perm in lifecycle true
9 info @ Failed to exec build-prod script
10 error @ build-prod: `./bin/browserify-build-3d.sh prod`
10 error Exit status 127
11 error Failed at the @ build-prod script.
11 error This is most likely a problem with the  package,
11 error not with npm itself.
11 error Tell the author that this fails on your system:
11 error     ./bin/browserify-build-3d.sh prod
11 error You can get their info via:
11 error     npm owner ls
11 error There is likely additional logging output above.
12 error System Linux 3.13.0-37-generic
13 error command "/usr/bin/node" "/usr/bin/npm" "run" "build-prod"
14 error cwd /var/www/streambed/gl3d
15 error node -v v0.10.32
16 error npm -v 1.4.28
17 error code ELIFECYCLE
18 verbose exit [ 1, true ]
